cl : Befehlszeile warning D9025: "/sdl" wird durch "/GS-" überschrieben
  Funktionen.cpp
c:\users\roman\documents\hs21\informatik1\projekte_vs17\semesteraufgabe\semesteraufgabe\semesteraufgabe\datentypen.h(41): warning C4091: "typedef ": Ignoriert auf der linken Seite von "Daten", wenn keine Variable deklariert wurde
c:\users\roman\documents\hs21\informatik1\projekte_vs17\semesteraufgabe\semesteraufgabe\semesteraufgabe\funktionen.cpp(47): warning C4996: 'strcpy': This function or variable may be unsafe. Consider using strcpy_s instead. To disable deprecation, use _CRT_SECURE_NO_WARNINGS. See online help for details.
  c:\program files (x86)\windows kits\10\include\10.0.17763.0\ucrt\string.h(133): note: Siehe Deklaration von "strcpy"
c:\users\roman\documents\hs21\informatik1\projekte_vs17\semesteraufgabe\semesteraufgabe\semesteraufgabe\funktionen.cpp(48): warning C4996: 'strcpy': This function or variable may be unsafe. Consider using strcpy_s instead. To disable deprecation, use _CRT_SECURE_NO_WARNINGS. See online help for details.
  c:\program files (x86)\windows kits\10\include\10.0.17763.0\ucrt\string.h(133): note: Siehe Deklaration von "strcpy"
c:\users\roman\documents\hs21\informatik1\projekte_vs17\semesteraufgabe\semesteraufgabe\semesteraufgabe\funktionen.cpp(49): warning C4996: 'strcpy': This function or variable may be unsafe. Consider using strcpy_s instead. To disable deprecation, use _CRT_SECURE_NO_WARNINGS. See online help for details.
  c:\program files (x86)\windows kits\10\include\10.0.17763.0\ucrt\string.h(133): note: Siehe Deklaration von "strcpy"
c:\users\roman\documents\hs21\informatik1\projekte_vs17\semesteraufgabe\semesteraufgabe\semesteraufgabe\funktionen.cpp(50): warning C4996: 'strcpy': This function or variable may be unsafe. Consider using strcpy_s instead. To disable deprecation, use _CRT_SECURE_NO_WARNINGS. See online help for details.
  c:\program files (x86)\windows kits\10\include\10.0.17763.0\ucrt\string.h(133): note: Siehe Deklaration von "strcpy"
c:\users\roman\documents\hs21\informatik1\projekte_vs17\semesteraufgabe\semesteraufgabe\semesteraufgabe\funktionen.cpp(51): warning C4996: 'strcpy': This function or variable may be unsafe. Consider using strcpy_s instead. To disable deprecation, use _CRT_SECURE_NO_WARNINGS. See online help for details.
  c:\program files (x86)\windows kits\10\include\10.0.17763.0\ucrt\string.h(133): note: Siehe Deklaration von "strcpy"
c:\users\roman\documents\hs21\informatik1\projekte_vs17\semesteraufgabe\semesteraufgabe\semesteraufgabe\funktionen.cpp(52): warning C4996: 'strcpy': This function or variable may be unsafe. Consider using strcpy_s instead. To disable deprecation, use _CRT_SECURE_NO_WARNINGS. See online help for details.
  c:\program files (x86)\windows kits\10\include\10.0.17763.0\ucrt\string.h(133): note: Siehe Deklaration von "strcpy"
c:\users\roman\documents\hs21\informatik1\projekte_vs17\semesteraufgabe\semesteraufgabe\semesteraufgabe\funktionen.cpp(53): warning C4996: 'strcpy': This function or variable may be unsafe. Consider using strcpy_s instead. To disable deprecation, use _CRT_SECURE_NO_WARNINGS. See online help for details.
  c:\program files (x86)\windows kits\10\include\10.0.17763.0\ucrt\string.h(133): note: Siehe Deklaration von "strcpy"
c:\users\roman\documents\hs21\informatik1\projekte_vs17\semesteraufgabe\semesteraufgabe\semesteraufgabe\funktionen.cpp(54): warning C4996: 'strcpy': This function or variable may be unsafe. Consider using strcpy_s instead. To disable deprecation, use _CRT_SECURE_NO_WARNINGS. See online help for details.
  c:\program files (x86)\windows kits\10\include\10.0.17763.0\ucrt\string.h(133): note: Siehe Deklaration von "strcpy"
c:\users\roman\documents\hs21\informatik1\projekte_vs17\semesteraufgabe\semesteraufgabe\semesteraufgabe\funktionen.cpp(55): warning C4996: 'strcpy': This function or variable may be unsafe. Consider using strcpy_s instead. To disable deprecation, use _CRT_SECURE_NO_WARNINGS. See online help for details.
  c:\program files (x86)\windows kits\10\include\10.0.17763.0\ucrt\string.h(133): note: Siehe Deklaration von "strcpy"
c:\users\roman\documents\hs21\informatik1\projekte_vs17\semesteraufgabe\semesteraufgabe\semesteraufgabe\funktionen.cpp(56): warning C4996: 'strcpy': This function or variable may be unsafe. Consider using strcpy_s instead. To disable deprecation, use _CRT_SECURE_NO_WARNINGS. See online help for details.
  c:\program files (x86)\windows kits\10\include\10.0.17763.0\ucrt\string.h(133): note: Siehe Deklaration von "strcpy"
c:\users\roman\documents\hs21\informatik1\projekte_vs17\semesteraufgabe\semesteraufgabe\semesteraufgabe\funktionen.cpp(57): warning C4996: 'strcpy': This function or variable may be unsafe. Consider using strcpy_s instead. To disable deprecation, use _CRT_SECURE_NO_WARNINGS. See online help for details.
  c:\program files (x86)\windows kits\10\include\10.0.17763.0\ucrt\string.h(133): note: Siehe Deklaration von "strcpy"
c:\users\roman\documents\hs21\informatik1\projekte_vs17\semesteraufgabe\semesteraufgabe\semesteraufgabe\funktionen.cpp(58): warning C4996: 'strcpy': This function or variable may be unsafe. Consider using strcpy_s instead. To disable deprecation, use _CRT_SECURE_NO_WARNINGS. See online help for details.
  c:\program files (x86)\windows kits\10\include\10.0.17763.0\ucrt\string.h(133): note: Siehe Deklaration von "strcpy"
c:\users\roman\documents\hs21\informatik1\projekte_vs17\semesteraufgabe\semesteraufgabe\semesteraufgabe\funktionen.cpp(59): warning C4996: 'strcpy': This function or variable may be unsafe. Consider using strcpy_s instead. To disable deprecation, use _CRT_SECURE_NO_WARNINGS. See online help for details.
  c:\program files (x86)\windows kits\10\include\10.0.17763.0\ucrt\string.h(133): note: Siehe Deklaration von "strcpy"
c:\users\roman\documents\hs21\informatik1\projekte_vs17\semesteraufgabe\semesteraufgabe\semesteraufgabe\funktionen.cpp(60): warning C4996: 'strcpy': This function or variable may be unsafe. Consider using strcpy_s instead. To disable deprecation, use _CRT_SECURE_NO_WARNINGS. See online help for details.
  c:\program files (x86)\windows kits\10\include\10.0.17763.0\ucrt\string.h(133): note: Siehe Deklaration von "strcpy"
c:\users\roman\documents\hs21\informatik1\projekte_vs17\semesteraufgabe\semesteraufgabe\semesteraufgabe\funktionen.cpp(61): warning C4996: 'strcpy': This function or variable may be unsafe. Consider using strcpy_s instead. To disable deprecation, use _CRT_SECURE_NO_WARNINGS. See online help for details.
  c:\program files (x86)\windows kits\10\include\10.0.17763.0\ucrt\string.h(133): note: Siehe Deklaration von "strcpy"
c:\users\roman\documents\hs21\informatik1\projekte_vs17\semesteraufgabe\semesteraufgabe\semesteraufgabe\funktionen.cpp(62): warning C4996: 'strcpy': This function or variable may be unsafe. Consider using strcpy_s instead. To disable deprecation, use _CRT_SECURE_NO_WARNINGS. See online help for details.
  c:\program files (x86)\windows kits\10\include\10.0.17763.0\ucrt\string.h(133): note: Siehe Deklaration von "strcpy"
c:\users\roman\documents\hs21\informatik1\projekte_vs17\semesteraufgabe\semesteraufgabe\semesteraufgabe\funktionen.cpp(63): warning C4996: 'strcpy': This function or variable may be unsafe. Consider using strcpy_s instead. To disable deprecation, use _CRT_SECURE_NO_WARNINGS. See online help for details.
  c:\program files (x86)\windows kits\10\include\10.0.17763.0\ucrt\string.h(133): note: Siehe Deklaration von "strcpy"
c:\users\roman\documents\hs21\informatik1\projekte_vs17\semesteraufgabe\semesteraufgabe\semesteraufgabe\funktionen.cpp(64): warning C4996: 'strcpy': This function or variable may be unsafe. Consider using strcpy_s instead. To disable deprecation, use _CRT_SECURE_NO_WARNINGS. See online help for details.
  c:\program files (x86)\windows kits\10\include\10.0.17763.0\ucrt\string.h(133): note: Siehe Deklaration von "strcpy"
c:\users\roman\documents\hs21\informatik1\projekte_vs17\semesteraufgabe\semesteraufgabe\semesteraufgabe\funktionen.cpp(65): warning C4996: 'strcpy': This function or variable may be unsafe. Consider using strcpy_s instead. To disable deprecation, use _CRT_SECURE_NO_WARNINGS. See online help for details.
  c:\program files (x86)\windows kits\10\include\10.0.17763.0\ucrt\string.h(133): note: Siehe Deklaration von "strcpy"
c:\users\roman\documents\hs21\informatik1\projekte_vs17\semesteraufgabe\semesteraufgabe\semesteraufgabe\funktionen.cpp(66): warning C4996: 'strcpy': This function or variable may be unsafe. Consider using strcpy_s instead. To disable deprecation, use _CRT_SECURE_NO_WARNINGS. See online help for details.
  c:\program files (x86)\windows kits\10\include\10.0.17763.0\ucrt\string.h(133): note: Siehe Deklaration von "strcpy"
c:\users\roman\documents\hs21\informatik1\projekte_vs17\semesteraufgabe\semesteraufgabe\semesteraufgabe\funktionen.cpp(67): warning C4996: 'strcpy': This function or variable may be unsafe. Consider using strcpy_s instead. To disable deprecation, use _CRT_SECURE_NO_WARNINGS. See online help for details.
  c:\program files (x86)\windows kits\10\include\10.0.17763.0\ucrt\string.h(133): note: Siehe Deklaration von "strcpy"
c:\users\roman\documents\hs21\informatik1\projekte_vs17\semesteraufgabe\semesteraufgabe\semesteraufgabe\funktionen.cpp(68): warning C4996: 'strcpy': This function or variable may be unsafe. Consider using strcpy_s instead. To disable deprecation, use _CRT_SECURE_NO_WARNINGS. See online help for details.
  c:\program files (x86)\windows kits\10\include\10.0.17763.0\ucrt\string.h(133): note: Siehe Deklaration von "strcpy"
c:\users\roman\documents\hs21\informatik1\projekte_vs17\semesteraufgabe\semesteraufgabe\semesteraufgabe\funktionen.cpp(100): warning C4996: 'sscanf': This function or variable may be unsafe. Consider using sscanf_s instead. To disable deprecation, use _CRT_SECURE_NO_WARNINGS. See online help for details.
  c:\program files (x86)\windows kits\10\include\10.0.17763.0\ucrt\stdio.h(2263): note: Siehe Deklaration von "sscanf"
c:\users\roman\documents\hs21\informatik1\projekte_vs17\semesteraufgabe\semesteraufgabe\semesteraufgabe\funktionen.cpp(377): warning C4996: 'fopen': This function or variable may be unsafe. Consider using fopen_s instead. To disable deprecation, use _CRT_SECURE_NO_WARNINGS. See online help for details.
  c:\program files (x86)\windows kits\10\include\10.0.17763.0\ucrt\stdio.h(208): note: Siehe Deklaration von "fopen"
c:\users\roman\documents\hs21\informatik1\projekte_vs17\semesteraufgabe\semesteraufgabe\semesteraufgabe\funktionen.cpp(1042): warning C4996: 'fopen': This function or variable may be unsafe. Consider using fopen_s instead. To disable deprecation, use _CRT_SECURE_NO_WARNINGS. See online help for details.
  c:\program files (x86)\windows kits\10\include\10.0.17763.0\ucrt\stdio.h(208): note: Siehe Deklaration von "fopen"
c:\users\roman\documents\hs21\informatik1\projekte_vs17\semesteraufgabe\semesteraufgabe\semesteraufgabe\funktionen.cpp(1069): warning C4996: 'sscanf': This function or variable may be unsafe. Consider using sscanf_s instead. To disable deprecation, use _CRT_SECURE_NO_WARNINGS. See online help for details.
  c:\program files (x86)\windows kits\10\include\10.0.17763.0\ucrt\stdio.h(2263): note: Siehe Deklaration von "sscanf"
c:\users\roman\documents\hs21\informatik1\projekte_vs17\semesteraufgabe\semesteraufgabe\semesteraufgabe\funktionen.cpp(1086): warning C4996: 'sscanf': This function or variable may be unsafe. Consider using sscanf_s instead. To disable deprecation, use _CRT_SECURE_NO_WARNINGS. See online help for details.
  c:\program files (x86)\windows kits\10\include\10.0.17763.0\ucrt\stdio.h(2263): note: Siehe Deklaration von "sscanf"
c:\users\roman\documents\hs21\informatik1\projekte_vs17\semesteraufgabe\semesteraufgabe\semesteraufgabe\funktionen.cpp(1097): warning C4996: 'strcpy': This function or variable may be unsafe. Consider using strcpy_s instead. To disable deprecation, use _CRT_SECURE_NO_WARNINGS. See online help for details.
  c:\program files (x86)\windows kits\10\include\10.0.17763.0\ucrt\string.h(133): note: Siehe Deklaration von "strcpy"
c:\users\roman\documents\hs21\informatik1\projekte_vs17\semesteraufgabe\semesteraufgabe\semesteraufgabe\funktionen.cpp(1098): warning C4996: 'strcpy': This function or variable may be unsafe. Consider using strcpy_s instead. To disable deprecation, use _CRT_SECURE_NO_WARNINGS. See online help for details.
  c:\program files (x86)\windows kits\10\include\10.0.17763.0\ucrt\string.h(133): note: Siehe Deklaration von "strcpy"
c:\users\roman\documents\hs21\informatik1\projekte_vs17\semesteraufgabe\semesteraufgabe\semesteraufgabe\funktionen.cpp(1099): warning C4996: 'strcpy': This function or variable may be unsafe. Consider using strcpy_s instead. To disable deprecation, use _CRT_SECURE_NO_WARNINGS. See online help for details.
  c:\program files (x86)\windows kits\10\include\10.0.17763.0\ucrt\string.h(133): note: Siehe Deklaration von "strcpy"
c:\users\roman\documents\hs21\informatik1\projekte_vs17\semesteraufgabe\semesteraufgabe\semesteraufgabe\funktionen.cpp(1100): warning C4996: 'strcpy': This function or variable may be unsafe. Consider using strcpy_s instead. To disable deprecation, use _CRT_SECURE_NO_WARNINGS. See online help for details.
  c:\program files (x86)\windows kits\10\include\10.0.17763.0\ucrt\string.h(133): note: Siehe Deklaration von "strcpy"
c:\users\roman\documents\hs21\informatik1\projekte_vs17\semesteraufgabe\semesteraufgabe\semesteraufgabe\funktionen.cpp(1101): warning C4996: 'strcpy': This function or variable may be unsafe. Consider using strcpy_s instead. To disable deprecation, use _CRT_SECURE_NO_WARNINGS. See online help for details.
  c:\program files (x86)\windows kits\10\include\10.0.17763.0\ucrt\string.h(133): note: Siehe Deklaration von "strcpy"
c:\users\roman\documents\hs21\informatik1\projekte_vs17\semesteraufgabe\semesteraufgabe\semesteraufgabe\funktionen.cpp(1102): warning C4996: 'strcpy': This function or variable may be unsafe. Consider using strcpy_s instead. To disable deprecation, use _CRT_SECURE_NO_WARNINGS. See online help for details.
  c:\program files (x86)\windows kits\10\include\10.0.17763.0\ucrt\string.h(133): note: Siehe Deklaration von "strcpy"
c:\users\roman\documents\hs21\informatik1\projekte_vs17\semesteraufgabe\semesteraufgabe\semesteraufgabe\funktionen.cpp(1103): warning C4996: 'strcpy': This function or variable may be unsafe. Consider using strcpy_s instead. To disable deprecation, use _CRT_SECURE_NO_WARNINGS. See online help for details.
  c:\program files (x86)\windows kits\10\include\10.0.17763.0\ucrt\string.h(133): note: Siehe Deklaration von "strcpy"
c:\users\roman\documents\hs21\informatik1\projekte_vs17\semesteraufgabe\semesteraufgabe\semesteraufgabe\funktionen.cpp(1104): warning C4996: 'strcpy': This function or variable may be unsafe. Consider using strcpy_s instead. To disable deprecation, use _CRT_SECURE_NO_WARNINGS. See online help for details.
  c:\program files (x86)\windows kits\10\include\10.0.17763.0\ucrt\string.h(133): note: Siehe Deklaration von "strcpy"
c:\users\roman\documents\hs21\informatik1\projekte_vs17\semesteraufgabe\semesteraufgabe\semesteraufgabe\funktionen.cpp(1105): warning C4996: 'strcpy': This function or variable may be unsafe. Consider using strcpy_s instead. To disable deprecation, use _CRT_SECURE_NO_WARNINGS. See online help for details.
  c:\program files (x86)\windows kits\10\include\10.0.17763.0\ucrt\string.h(133): note: Siehe Deklaration von "strcpy"
c:\users\roman\documents\hs21\informatik1\projekte_vs17\semesteraufgabe\semesteraufgabe\semesteraufgabe\funktionen.cpp(1106): warning C4996: 'strcpy': This function or variable may be unsafe. Consider using strcpy_s instead. To disable deprecation, use _CRT_SECURE_NO_WARNINGS. See online help for details.
  c:\program files (x86)\windows kits\10\include\10.0.17763.0\ucrt\string.h(133): note: Siehe Deklaration von "strcpy"
c:\users\roman\documents\hs21\informatik1\projekte_vs17\semesteraufgabe\semesteraufgabe\semesteraufgabe\funktionen.cpp(1107): warning C4996: 'strcpy': This function or variable may be unsafe. Consider using strcpy_s instead. To disable deprecation, use _CRT_SECURE_NO_WARNINGS. See online help for details.
  c:\program files (x86)\windows kits\10\include\10.0.17763.0\ucrt\string.h(133): note: Siehe Deklaration von "strcpy"
c:\users\roman\documents\hs21\informatik1\projekte_vs17\semesteraufgabe\semesteraufgabe\semesteraufgabe\funktionen.cpp(1108): warning C4996: 'strcpy': This function or variable may be unsafe. Consider using strcpy_s instead. To disable deprecation, use _CRT_SECURE_NO_WARNINGS. See online help for details.
  c:\program files (x86)\windows kits\10\include\10.0.17763.0\ucrt\string.h(133): note: Siehe Deklaration von "strcpy"
c:\users\roman\documents\hs21\informatik1\projekte_vs17\semesteraufgabe\semesteraufgabe\semesteraufgabe\funktionen.cpp(1109): warning C4996: 'strcpy': This function or variable may be unsafe. Consider using strcpy_s instead. To disable deprecation, use _CRT_SECURE_NO_WARNINGS. See online help for details.
  c:\program files (x86)\windows kits\10\include\10.0.17763.0\ucrt\string.h(133): note: Siehe Deklaration von "strcpy"
c:\users\roman\documents\hs21\informatik1\projekte_vs17\semesteraufgabe\semesteraufgabe\semesteraufgabe\funktionen.cpp(1110): warning C4996: 'strcpy': This function or variable may be unsafe. Consider using strcpy_s instead. To disable deprecation, use _CRT_SECURE_NO_WARNINGS. See online help for details.
  c:\program files (x86)\windows kits\10\include\10.0.17763.0\ucrt\string.h(133): note: Siehe Deklaration von "strcpy"
c:\users\roman\documents\hs21\informatik1\projekte_vs17\semesteraufgabe\semesteraufgabe\semesteraufgabe\funktionen.cpp(1111): warning C4996: 'strcpy': This function or variable may be unsafe. Consider using strcpy_s instead. To disable deprecation, use _CRT_SECURE_NO_WARNINGS. See online help for details.
  c:\program files (x86)\windows kits\10\include\10.0.17763.0\ucrt\string.h(133): note: Siehe Deklaration von "strcpy"
c:\users\roman\documents\hs21\informatik1\projekte_vs17\semesteraufgabe\semesteraufgabe\semesteraufgabe\funktionen.cpp(1112): warning C4996: 'strcpy': This function or variable may be unsafe. Consider using strcpy_s instead. To disable deprecation, use _CRT_SECURE_NO_WARNINGS. See online help for details.
  c:\program files (x86)\windows kits\10\include\10.0.17763.0\ucrt\string.h(133): note: Siehe Deklaration von "strcpy"
c:\users\roman\documents\hs21\informatik1\projekte_vs17\semesteraufgabe\semesteraufgabe\semesteraufgabe\funktionen.cpp(1113): warning C4996: 'strcpy': This function or variable may be unsafe. Consider using strcpy_s instead. To disable deprecation, use _CRT_SECURE_NO_WARNINGS. See online help for details.
  c:\program files (x86)\windows kits\10\include\10.0.17763.0\ucrt\string.h(133): note: Siehe Deklaration von "strcpy"
c:\users\roman\documents\hs21\informatik1\projekte_vs17\semesteraufgabe\semesteraufgabe\semesteraufgabe\funktionen.cpp(1114): warning C4996: 'strcpy': This function or variable may be unsafe. Consider using strcpy_s instead. To disable deprecation, use _CRT_SECURE_NO_WARNINGS. See online help for details.
  c:\program files (x86)\windows kits\10\include\10.0.17763.0\ucrt\string.h(133): note: Siehe Deklaration von "strcpy"
c:\users\roman\documents\hs21\informatik1\projekte_vs17\semesteraufgabe\semesteraufgabe\semesteraufgabe\funktionen.cpp(1115): warning C4996: 'strcpy': This function or variable may be unsafe. Consider using strcpy_s instead. To disable deprecation, use _CRT_SECURE_NO_WARNINGS. See online help for details.
  c:\program files (x86)\windows kits\10\include\10.0.17763.0\ucrt\string.h(133): note: Siehe Deklaration von "strcpy"
c:\users\roman\documents\hs21\informatik1\projekte_vs17\semesteraufgabe\semesteraufgabe\semesteraufgabe\funktionen.cpp(1116): warning C4996: 'strcpy': This function or variable may be unsafe. Consider using strcpy_s instead. To disable deprecation, use _CRT_SECURE_NO_WARNINGS. See online help for details.
  c:\program files (x86)\windows kits\10\include\10.0.17763.0\ucrt\string.h(133): note: Siehe Deklaration von "strcpy"
c:\users\roman\documents\hs21\informatik1\projekte_vs17\semesteraufgabe\semesteraufgabe\semesteraufgabe\funktionen.cpp(1117): warning C4996: 'strcpy': This function or variable may be unsafe. Consider using strcpy_s instead. To disable deprecation, use _CRT_SECURE_NO_WARNINGS. See online help for details.
  c:\program files (x86)\windows kits\10\include\10.0.17763.0\ucrt\string.h(133): note: Siehe Deklaration von "strcpy"
c:\users\roman\documents\hs21\informatik1\projekte_vs17\semesteraufgabe\semesteraufgabe\semesteraufgabe\funktionen.cpp(1118): warning C4996: 'strcpy': This function or variable may be unsafe. Consider using strcpy_s instead. To disable deprecation, use _CRT_SECURE_NO_WARNINGS. See online help for details.
  c:\program files (x86)\windows kits\10\include\10.0.17763.0\ucrt\string.h(133): note: Siehe Deklaration von "strcpy"
c:\users\roman\documents\hs21\informatik1\projekte_vs17\semesteraufgabe\semesteraufgabe\semesteraufgabe\funktionen.cpp(1119): warning C4996: 'strcpy': This function or variable may be unsafe. Consider using strcpy_s instead. To disable deprecation, use _CRT_SECURE_NO_WARNINGS. See online help for details.
  c:\program files (x86)\windows kits\10\include\10.0.17763.0\ucrt\string.h(133): note: Siehe Deklaration von "strcpy"
c:\users\roman\documents\hs21\informatik1\projekte_vs17\semesteraufgabe\semesteraufgabe\semesteraufgabe\funktionen.cpp(1153): warning C4996: 'sscanf': This function or variable may be unsafe. Consider using sscanf_s instead. To disable deprecation, use _CRT_SECURE_NO_WARNINGS. See online help for details.
  c:\program files (x86)\windows kits\10\include\10.0.17763.0\ucrt\stdio.h(2263): note: Siehe Deklaration von "sscanf"
c:\users\roman\documents\hs21\informatik1\projekte_vs17\semesteraufgabe\semesteraufgabe\semesteraufgabe\funktionen.cpp(1172): warning C4996: 'sscanf': This function or variable may be unsafe. Consider using sscanf_s instead. To disable deprecation, use _CRT_SECURE_NO_WARNINGS. See online help for details.
  c:\program files (x86)\windows kits\10\include\10.0.17763.0\ucrt\stdio.h(2263): note: Siehe Deklaration von "sscanf"
c:\users\roman\documents\hs21\informatik1\projekte_vs17\semesteraufgabe\semesteraufgabe\semesteraufgabe\funktionen.cpp(1197): warning C4996: 'strncpy': This function or variable may be unsafe. Consider using strncpy_s instead. To disable deprecation, use _CRT_SECURE_NO_WARNINGS. See online help for details.
  c:\program files (x86)\windows kits\10\include\10.0.17763.0\ucrt\string.h(338): note: Siehe Deklaration von "strncpy"
c:\users\roman\documents\hs21\informatik1\projekte_vs17\semesteraufgabe\semesteraufgabe\semesteraufgabe\funktionen.cpp(1203): warning C4996: 'strncpy': This function or variable may be unsafe. Consider using strncpy_s instead. To disable deprecation, use _CRT_SECURE_NO_WARNINGS. See online help for details.
  c:\program files (x86)\windows kits\10\include\10.0.17763.0\ucrt\string.h(338): note: Siehe Deklaration von "strncpy"
c:\users\roman\documents\hs21\informatik1\projekte_vs17\semesteraufgabe\semesteraufgabe\semesteraufgabe\funktionen.cpp(1211): warning C4996: 'strncpy': This function or variable may be unsafe. Consider using strncpy_s instead. To disable deprecation, use _CRT_SECURE_NO_WARNINGS. See online help for details.
  c:\program files (x86)\windows kits\10\include\10.0.17763.0\ucrt\string.h(338): note: Siehe Deklaration von "strncpy"
c:\users\roman\documents\hs21\informatik1\projekte_vs17\semesteraufgabe\semesteraufgabe\semesteraufgabe\funktionen.cpp(1219): warning C4996: 'strncpy': This function or variable may be unsafe. Consider using strncpy_s instead. To disable deprecation, use _CRT_SECURE_NO_WARNINGS. See online help for details.
  c:\program files (x86)\windows kits\10\include\10.0.17763.0\ucrt\string.h(338): note: Siehe Deklaration von "strncpy"
c:\users\roman\documents\hs21\informatik1\projekte_vs17\semesteraufgabe\semesteraufgabe\semesteraufgabe\funktionen.cpp(1227): warning C4996: 'strncpy': This function or variable may be unsafe. Consider using strncpy_s instead. To disable deprecation, use _CRT_SECURE_NO_WARNINGS. See online help for details.
  c:\program files (x86)\windows kits\10\include\10.0.17763.0\ucrt\string.h(338): note: Siehe Deklaration von "strncpy"
c:\users\roman\documents\hs21\informatik1\projekte_vs17\semesteraufgabe\semesteraufgabe\semesteraufgabe\funktionen.cpp(1237): warning C4996: 'strncpy': This function or variable may be unsafe. Consider using strncpy_s instead. To disable deprecation, use _CRT_SECURE_NO_WARNINGS. See online help for details.
  c:\program files (x86)\windows kits\10\include\10.0.17763.0\ucrt\string.h(338): note: Siehe Deklaration von "strncpy"
c:\users\roman\documents\hs21\informatik1\projekte_vs17\semesteraufgabe\semesteraufgabe\semesteraufgabe\funktionen.cpp(1245): warning C4996: 'strncpy': This function or variable may be unsafe. Consider using strncpy_s instead. To disable deprecation, use _CRT_SECURE_NO_WARNINGS. See online help for details.
  c:\program files (x86)\windows kits\10\include\10.0.17763.0\ucrt\string.h(338): note: Siehe Deklaration von "strncpy"
c:\users\roman\documents\hs21\informatik1\projekte_vs17\semesteraufgabe\semesteraufgabe\semesteraufgabe\funktionen.cpp(1253): warning C4996: 'strncpy': This function or variable may be unsafe. Consider using strncpy_s instead. To disable deprecation, use _CRT_SECURE_NO_WARNINGS. See online help for details.
  c:\program files (x86)\windows kits\10\include\10.0.17763.0\ucrt\string.h(338): note: Siehe Deklaration von "strncpy"
c:\users\roman\documents\hs21\informatik1\projekte_vs17\semesteraufgabe\semesteraufgabe\semesteraufgabe\funktionen.cpp(1261): warning C4996: 'strncpy': This function or variable may be unsafe. Consider using strncpy_s instead. To disable deprecation, use _CRT_SECURE_NO_WARNINGS. See online help for details.
  c:\program files (x86)\windows kits\10\include\10.0.17763.0\ucrt\string.h(338): note: Siehe Deklaration von "strncpy"
c:\users\roman\documents\hs21\informatik1\projekte_vs17\semesteraufgabe\semesteraufgabe\semesteraufgabe\funktionen.cpp(1269): warning C4996: 'strncpy': This function or variable may be unsafe. Consider using strncpy_s instead. To disable deprecation, use _CRT_SECURE_NO_WARNINGS. See online help for details.
  c:\program files (x86)\windows kits\10\include\10.0.17763.0\ucrt\string.h(338): note: Siehe Deklaration von "strncpy"
c:\users\roman\documents\hs21\informatik1\projekte_vs17\semesteraufgabe\semesteraufgabe\semesteraufgabe\funktionen.cpp(1283): warning C4996: 'strncpy': This function or variable may be unsafe. Consider using strncpy_s instead. To disable deprecation, use _CRT_SECURE_NO_WARNINGS. See online help for details.
  c:\program files (x86)\windows kits\10\include\10.0.17763.0\ucrt\string.h(338): note: Siehe Deklaration von "strncpy"
c:\users\roman\documents\hs21\informatik1\projekte_vs17\semesteraufgabe\semesteraufgabe\semesteraufgabe\funktionen.cpp(1289): warning C4996: 'strncpy': This function or variable may be unsafe. Consider using strncpy_s instead. To disable deprecation, use _CRT_SECURE_NO_WARNINGS. See online help for details.
  c:\program files (x86)\windows kits\10\include\10.0.17763.0\ucrt\string.h(338): note: Siehe Deklaration von "strncpy"
c:\users\roman\documents\hs21\informatik1\projekte_vs17\semesteraufgabe\semesteraufgabe\semesteraufgabe\funktionen.cpp(1297): warning C4996: 'strncpy': This function or variable may be unsafe. Consider using strncpy_s instead. To disable deprecation, use _CRT_SECURE_NO_WARNINGS. See online help for details.
  c:\program files (x86)\windows kits\10\include\10.0.17763.0\ucrt\string.h(338): note: Siehe Deklaration von "strncpy"
c:\users\roman\documents\hs21\informatik1\projekte_vs17\semesteraufgabe\semesteraufgabe\semesteraufgabe\funktionen.cpp(1305): warning C4996: 'strncpy': This function or variable may be unsafe. Consider using strncpy_s instead. To disable deprecation, use _CRT_SECURE_NO_WARNINGS. See online help for details.
  c:\program files (x86)\windows kits\10\include\10.0.17763.0\ucrt\string.h(338): note: Siehe Deklaration von "strncpy"
c:\users\roman\documents\hs21\informatik1\projekte_vs17\semesteraufgabe\semesteraufgabe\semesteraufgabe\funktionen.cpp(1313): warning C4996: 'strncpy': This function or variable may be unsafe. Consider using strncpy_s instead. To disable deprecation, use _CRT_SECURE_NO_WARNINGS. See online help for details.
  c:\program files (x86)\windows kits\10\include\10.0.17763.0\ucrt\string.h(338): note: Siehe Deklaration von "strncpy"
c:\users\roman\documents\hs21\informatik1\projekte_vs17\semesteraufgabe\semesteraufgabe\semesteraufgabe\funktionen.cpp(1321): warning C4996: 'strncpy': This function or variable may be unsafe. Consider using strncpy_s instead. To disable deprecation, use _CRT_SECURE_NO_WARNINGS. See online help for details.
  c:\program files (x86)\windows kits\10\include\10.0.17763.0\ucrt\string.h(338): note: Siehe Deklaration von "strncpy"
c:\users\roman\documents\hs21\informatik1\projekte_vs17\semesteraufgabe\semesteraufgabe\semesteraufgabe\funktionen.cpp(1331): warning C4996: 'strncpy': This function or variable may be unsafe. Consider using strncpy_s instead. To disable deprecation, use _CRT_SECURE_NO_WARNINGS. See online help for details.
  c:\program files (x86)\windows kits\10\include\10.0.17763.0\ucrt\string.h(338): note: Siehe Deklaration von "strncpy"
c:\users\roman\documents\hs21\informatik1\projekte_vs17\semesteraufgabe\semesteraufgabe\semesteraufgabe\funktionen.cpp(1339): warning C4996: 'strncpy': This function or variable may be unsafe. Consider using strncpy_s instead. To disable deprecation, use _CRT_SECURE_NO_WARNINGS. See online help for details.
  c:\program files (x86)\windows kits\10\include\10.0.17763.0\ucrt\string.h(338): note: Siehe Deklaration von "strncpy"
c:\users\roman\documents\hs21\informatik1\projekte_vs17\semesteraufgabe\semesteraufgabe\semesteraufgabe\funktionen.cpp(1347): warning C4996: 'strncpy': This function or variable may be unsafe. Consider using strncpy_s instead. To disable deprecation, use _CRT_SECURE_NO_WARNINGS. See online help for details.
  c:\program files (x86)\windows kits\10\include\10.0.17763.0\ucrt\string.h(338): note: Siehe Deklaration von "strncpy"
c:\users\roman\documents\hs21\informatik1\projekte_vs17\semesteraufgabe\semesteraufgabe\semesteraufgabe\funktionen.cpp(1355): warning C4996: 'strncpy': This function or variable may be unsafe. Consider using strncpy_s instead. To disable deprecation, use _CRT_SECURE_NO_WARNINGS. See online help for details.
  c:\program files (x86)\windows kits\10\include\10.0.17763.0\ucrt\string.h(338): note: Siehe Deklaration von "strncpy"
c:\users\roman\documents\hs21\informatik1\projekte_vs17\semesteraufgabe\semesteraufgabe\semesteraufgabe\funktionen.cpp(1363): warning C4996: 'strncpy': This function or variable may be unsafe. Consider using strncpy_s instead. To disable deprecation, use _CRT_SECURE_NO_WARNINGS. See online help for details.
  c:\program files (x86)\windows kits\10\include\10.0.17763.0\ucrt\string.h(338): note: Siehe Deklaration von "strncpy"
c:\users\roman\documents\hs21\informatik1\projekte_vs17\semesteraufgabe\semesteraufgabe\semesteraufgabe\funktionen.cpp(1371): warning C4996: 'strncpy': This function or variable may be unsafe. Consider using strncpy_s instead. To disable deprecation, use _CRT_SECURE_NO_WARNINGS. See online help for details.
  c:\program files (x86)\windows kits\10\include\10.0.17763.0\ucrt\string.h(338): note: Siehe Deklaration von "strncpy"
c:\users\roman\documents\hs21\informatik1\projekte_vs17\semesteraufgabe\semesteraufgabe\semesteraufgabe\funktionen.cpp(1384): warning C4996: 'strncpy': This function or variable may be unsafe. Consider using strncpy_s instead. To disable deprecation, use _CRT_SECURE_NO_WARNINGS. See online help for details.
  c:\program files (x86)\windows kits\10\include\10.0.17763.0\ucrt\string.h(338): note: Siehe Deklaration von "strncpy"
c:\users\roman\documents\hs21\informatik1\projekte_vs17\semesteraufgabe\semesteraufgabe\semesteraufgabe\funktionen.cpp(1395): warning C4996: 'strncpy': This function or variable may be unsafe. Consider using strncpy_s instead. To disable deprecation, use _CRT_SECURE_NO_WARNINGS. See online help for details.
  c:\program files (x86)\windows kits\10\include\10.0.17763.0\ucrt\string.h(338): note: Siehe Deklaration von "strncpy"
c:\users\roman\documents\hs21\informatik1\projekte_vs17\semesteraufgabe\semesteraufgabe\semesteraufgabe\funktionen.cpp(1401): warning C4996: 'strncpy': This function or variable may be unsafe. Consider using strncpy_s instead. To disable deprecation, use _CRT_SECURE_NO_WARNINGS. See online help for details.
  c:\program files (x86)\windows kits\10\include\10.0.17763.0\ucrt\string.h(338): note: Siehe Deklaration von "strncpy"
c:\users\roman\documents\hs21\informatik1\projekte_vs17\semesteraufgabe\semesteraufgabe\semesteraufgabe\funktionen.cpp(1409): warning C4996: 'strncpy': This function or variable may be unsafe. Consider using strncpy_s instead. To disable deprecation, use _CRT_SECURE_NO_WARNINGS. See online help for details.
  c:\program files (x86)\windows kits\10\include\10.0.17763.0\ucrt\string.h(338): note: Siehe Deklaration von "strncpy"
c:\users\roman\documents\hs21\informatik1\projekte_vs17\semesteraufgabe\semesteraufgabe\semesteraufgabe\funktionen.cpp(1417): warning C4996: 'strncpy': This function or variable may be unsafe. Consider using strncpy_s instead. To disable deprecation, use _CRT_SECURE_NO_WARNINGS. See online help for details.
  c:\program files (x86)\windows kits\10\include\10.0.17763.0\ucrt\string.h(338): note: Siehe Deklaration von "strncpy"
c:\users\roman\documents\hs21\informatik1\projekte_vs17\semesteraufgabe\semesteraufgabe\semesteraufgabe\funktionen.cpp(1425): warning C4996: 'strncpy': This function or variable may be unsafe. Consider using strncpy_s instead. To disable deprecation, use _CRT_SECURE_NO_WARNINGS. See online help for details.
  c:\program files (x86)\windows kits\10\include\10.0.17763.0\ucrt\string.h(338): note: Siehe Deklaration von "strncpy"
c:\users\roman\documents\hs21\informatik1\projekte_vs17\semesteraufgabe\semesteraufgabe\semesteraufgabe\funktionen.cpp(1433): warning C4996: 'strncpy': This function or variable may be unsafe. Consider using strncpy_s instead. To disable deprecation, use _CRT_SECURE_NO_WARNINGS. See online help for details.
  c:\program files (x86)\windows kits\10\include\10.0.17763.0\ucrt\string.h(338): note: Siehe Deklaration von "strncpy"
c:\users\roman\documents\hs21\informatik1\projekte_vs17\semesteraufgabe\semesteraufgabe\semesteraufgabe\funktionen.cpp(1441): warning C4996: 'strncpy': This function or variable may be unsafe. Consider using strncpy_s instead. To disable deprecation, use _CRT_SECURE_NO_WARNINGS. See online help for details.
  c:\program files (x86)\windows kits\10\include\10.0.17763.0\ucrt\string.h(338): note: Siehe Deklaration von "strncpy"
c:\users\roman\documents\hs21\informatik1\projekte_vs17\semesteraufgabe\semesteraufgabe\semesteraufgabe\funktionen.cpp(1455): warning C4996: 'strncpy': This function or variable may be unsafe. Consider using strncpy_s instead. To disable deprecation, use _CRT_SECURE_NO_WARNINGS. See online help for details.
  c:\program files (x86)\windows kits\10\include\10.0.17763.0\ucrt\string.h(338): note: Siehe Deklaration von "strncpy"
c:\users\roman\documents\hs21\informatik1\projekte_vs17\semesteraufgabe\semesteraufgabe\semesteraufgabe\funktionen.cpp(1461): warning C4996: 'strncpy': This function or variable may be unsafe. Consider using strncpy_s instead. To disable deprecation, use _CRT_SECURE_NO_WARNINGS. See online help for details.
  c:\program files (x86)\windows kits\10\include\10.0.17763.0\ucrt\string.h(338): note: Siehe Deklaration von "strncpy"
c:\users\roman\documents\hs21\informatik1\projekte_vs17\semesteraufgabe\semesteraufgabe\semesteraufgabe\funktionen.cpp(1469): warning C4996: 'strncpy': This function or variable may be unsafe. Consider using strncpy_s instead. To disable deprecation, use _CRT_SECURE_NO_WARNINGS. See online help for details.
  c:\program files (x86)\windows kits\10\include\10.0.17763.0\ucrt\string.h(338): note: Siehe Deklaration von "strncpy"
c:\users\roman\documents\hs21\informatik1\projekte_vs17\semesteraufgabe\semesteraufgabe\semesteraufgabe\funktionen.cpp(1477): warning C4996: 'strncpy': This function or variable may be unsafe. Consider using strncpy_s instead. To disable deprecation, use _CRT_SECURE_NO_WARNINGS. See online help for details.
  c:\program files (x86)\windows kits\10\include\10.0.17763.0\ucrt\string.h(338): note: Siehe Deklaration von "strncpy"
c:\users\roman\documents\hs21\informatik1\projekte_vs17\semesteraufgabe\semesteraufgabe\semesteraufgabe\funktionen.cpp(1485): warning C4996: 'strncpy': This function or variable may be unsafe. Consider using strncpy_s instead. To disable deprecation, use _CRT_SECURE_NO_WARNINGS. See online help for details.
  c:\program files (x86)\windows kits\10\include\10.0.17763.0\ucrt\string.h(338): note: Siehe Deklaration von "strncpy"
c:\users\roman\documents\hs21\informatik1\projekte_vs17\semesteraufgabe\semesteraufgabe\semesteraufgabe\funktionen.cpp(1493): warning C4996: 'strncpy': This function or variable may be unsafe. Consider using strncpy_s instead. To disable deprecation, use _CRT_SECURE_NO_WARNINGS. See online help for details.
  c:\program files (x86)\windows kits\10\include\10.0.17763.0\ucrt\string.h(338): note: Siehe Deklaration von "strncpy"
c:\users\roman\documents\hs21\informatik1\projekte_vs17\semesteraufgabe\semesteraufgabe\semesteraufgabe\funktionen.cpp(1501): warning C4996: 'strncpy': This function or variable may be unsafe. Consider using strncpy_s instead. To disable deprecation, use _CRT_SECURE_NO_WARNINGS. See online help for details.
  c:\program files (x86)\windows kits\10\include\10.0.17763.0\ucrt\string.h(338): note: Siehe Deklaration von "strncpy"
c:\users\roman\documents\hs21\informatik1\projekte_vs17\semesteraufgabe\semesteraufgabe\semesteraufgabe\funktionen.cpp(1509): warning C4996: 'strncpy': This function or variable may be unsafe. Consider using strncpy_s instead. To disable deprecation, use _CRT_SECURE_NO_WARNINGS. See online help for details.
  c:\program files (x86)\windows kits\10\include\10.0.17763.0\ucrt\string.h(338): note: Siehe Deklaration von "strncpy"
c:\users\roman\documents\hs21\informatik1\projekte_vs17\semesteraufgabe\semesteraufgabe\semesteraufgabe\funktionen.cpp(1519): warning C4996: 'strncpy': This function or variable may be unsafe. Consider using strncpy_s instead. To disable deprecation, use _CRT_SECURE_NO_WARNINGS. See online help for details.
  c:\program files (x86)\windows kits\10\include\10.0.17763.0\ucrt\string.h(338): note: Siehe Deklaration von "strncpy"
c:\users\roman\documents\hs21\informatik1\projekte_vs17\semesteraufgabe\semesteraufgabe\semesteraufgabe\funktionen.cpp(1527): warning C4996: 'strncpy': This function or variable may be unsafe. Consider using strncpy_s instead. To disable deprecation, use _CRT_SECURE_NO_WARNINGS. See online help for details.
  c:\program files (x86)\windows kits\10\include\10.0.17763.0\ucrt\string.h(338): note: Siehe Deklaration von "strncpy"
c:\users\roman\documents\hs21\informatik1\projekte_vs17\semesteraufgabe\semesteraufgabe\semesteraufgabe\funktionen.cpp(1535): warning C4996: 'strncpy': This function or variable may be unsafe. Consider using strncpy_s instead. To disable deprecation, use _CRT_SECURE_NO_WARNINGS. See online help for details.
  c:\program files (x86)\windows kits\10\include\10.0.17763.0\ucrt\string.h(338): note: Siehe Deklaration von "strncpy"
c:\users\roman\documents\hs21\informatik1\projekte_vs17\semesteraufgabe\semesteraufgabe\semesteraufgabe\funktionen.cpp(1543): warning C4996: 'strncpy': This function or variable may be unsafe. Consider using strncpy_s instead. To disable deprecation, use _CRT_SECURE_NO_WARNINGS. See online help for details.
  c:\program files (x86)\windows kits\10\include\10.0.17763.0\ucrt\string.h(338): note: Siehe Deklaration von "strncpy"
c:\users\roman\documents\hs21\informatik1\projekte_vs17\semesteraufgabe\semesteraufgabe\semesteraufgabe\funktionen.cpp(1551): warning C4996: 'strncpy': This function or variable may be unsafe. Consider using strncpy_s instead. To disable deprecation, use _CRT_SECURE_NO_WARNINGS. See online help for details.
  c:\program files (x86)\windows kits\10\include\10.0.17763.0\ucrt\string.h(338): note: Siehe Deklaration von "strncpy"
c:\users\roman\documents\hs21\informatik1\projekte_vs17\semesteraufgabe\semesteraufgabe\semesteraufgabe\funktionen.cpp(1559): warning C4996: 'strncpy': This function or variable may be unsafe. Consider using strncpy_s instead. To disable deprecation, use _CRT_SECURE_NO_WARNINGS. See online help for details.
  c:\program files (x86)\windows kits\10\include\10.0.17763.0\ucrt\string.h(338): note: Siehe Deklaration von "strncpy"
c:\users\roman\documents\hs21\informatik1\projekte_vs17\semesteraufgabe\semesteraufgabe\semesteraufgabe\funktionen.cpp(1573): warning C4996: 'strncpy': This function or variable may be unsafe. Consider using strncpy_s instead. To disable deprecation, use _CRT_SECURE_NO_WARNINGS. See online help for details.
  c:\program files (x86)\windows kits\10\include\10.0.17763.0\ucrt\string.h(338): note: Siehe Deklaration von "strncpy"
c:\users\roman\documents\hs21\informatik1\projekte_vs17\semesteraufgabe\semesteraufgabe\semesteraufgabe\funktionen.cpp(1579): warning C4996: 'strncpy': This function or variable may be unsafe. Consider using strncpy_s instead. To disable deprecation, use _CRT_SECURE_NO_WARNINGS. See online help for details.
  c:\program files (x86)\windows kits\10\include\10.0.17763.0\ucrt\string.h(338): note: Siehe Deklaration von "strncpy"
c:\users\roman\documents\hs21\informatik1\projekte_vs17\semesteraufgabe\semesteraufgabe\semesteraufgabe\funktionen.cpp(1587): warning C4996: 'strncpy': This function or variable may be unsafe. Consider using strncpy_s instead. To disable deprecation, use _CRT_SECURE_NO_WARNINGS. See online help for details.
  c:\program files (x86)\windows kits\10\include\10.0.17763.0\ucrt\string.h(338): note: Siehe Deklaration von "strncpy"
c:\users\roman\documents\hs21\informatik1\projekte_vs17\semesteraufgabe\semesteraufgabe\semesteraufgabe\funktionen.cpp(1595): warning C4996: 'strncpy': This function or variable may be unsafe. Consider using strncpy_s instead. To disable deprecation, use _CRT_SECURE_NO_WARNINGS. See online help for details.
  c:\program files (x86)\windows kits\10\include\10.0.17763.0\ucrt\string.h(338): note: Siehe Deklaration von "strncpy"
c:\users\roman\documents\hs21\informatik1\projekte_vs17\semesteraufgabe\semesteraufgabe\semesteraufgabe\funktionen.cpp(1603): warning C4996: 'strncpy': This function or variable may be unsafe. Consider using strncpy_s instead. To disable deprecation, use _CRT_SECURE_NO_WARNINGS. See online help for details.
  c:\program files (x86)\windows kits\10\include\10.0.17763.0\ucrt\string.h(338): note: Siehe Deklaration von "strncpy"
c:\users\roman\documents\hs21\informatik1\projekte_vs17\semesteraufgabe\semesteraufgabe\semesteraufgabe\funktionen.cpp(1611): warning C4996: 'strncpy': This function or variable may be unsafe. Consider using strncpy_s instead. To disable deprecation, use _CRT_SECURE_NO_WARNINGS. See online help for details.
  c:\program files (x86)\windows kits\10\include\10.0.17763.0\ucrt\string.h(338): note: Siehe Deklaration von "strncpy"
c:\users\roman\documents\hs21\informatik1\projekte_vs17\semesteraufgabe\semesteraufgabe\semesteraufgabe\funktionen.cpp(1621): warning C4996: 'strncpy': This function or variable may be unsafe. Consider using strncpy_s instead. To disable deprecation, use _CRT_SECURE_NO_WARNINGS. See online help for details.
  c:\program files (x86)\windows kits\10\include\10.0.17763.0\ucrt\string.h(338): note: Siehe Deklaration von "strncpy"
c:\users\roman\documents\hs21\informatik1\projekte_vs17\semesteraufgabe\semesteraufgabe\semesteraufgabe\funktionen.cpp(1629): warning C4996: 'strncpy': This function or variable may be unsafe. Consider using strncpy_s instead. To disable deprecation, use _CRT_SECURE_NO_WARNINGS. See online help for details.
  c:\program files (x86)\windows kits\10\include\10.0.17763.0\ucrt\string.h(338): note: Siehe Deklaration von "strncpy"
c:\users\roman\documents\hs21\informatik1\projekte_vs17\semesteraufgabe\semesteraufgabe\semesteraufgabe\funktionen.cpp(1637): warning C4996: 'strncpy': This function or variable may be unsafe. Consider using strncpy_s instead. To disable deprecation, use _CRT_SECURE_NO_WARNINGS. See online help for details.
  c:\program files (x86)\windows kits\10\include\10.0.17763.0\ucrt\string.h(338): note: Siehe Deklaration von "strncpy"
c:\users\roman\documents\hs21\informatik1\projekte_vs17\semesteraufgabe\semesteraufgabe\semesteraufgabe\funktionen.cpp(1645): warning C4996: 'strncpy': This function or variable may be unsafe. Consider using strncpy_s instead. To disable deprecation, use _CRT_SECURE_NO_WARNINGS. See online help for details.
  c:\program files (x86)\windows kits\10\include\10.0.17763.0\ucrt\string.h(338): note: Siehe Deklaration von "strncpy"
c:\users\roman\documents\hs21\informatik1\projekte_vs17\semesteraufgabe\semesteraufgabe\semesteraufgabe\funktionen.cpp(1653): warning C4996: 'strncpy': This function or variable may be unsafe. Consider using strncpy_s instead. To disable deprecation, use _CRT_SECURE_NO_WARNINGS. See online help for details.
  c:\program files (x86)\windows kits\10\include\10.0.17763.0\ucrt\string.h(338): note: Siehe Deklaration von "strncpy"
c:\users\roman\documents\hs21\informatik1\projekte_vs17\semesteraufgabe\semesteraufgabe\semesteraufgabe\funktionen.cpp(1661): warning C4996: 'strncpy': This function or variable may be unsafe. Consider using strncpy_s instead. To disable deprecation, use _CRT_SECURE_NO_WARNINGS. See online help for details.
  c:\program files (x86)\windows kits\10\include\10.0.17763.0\ucrt\string.h(338): note: Siehe Deklaration von "strncpy"
c:\users\roman\documents\hs21\informatik1\projekte_vs17\semesteraufgabe\semesteraufgabe\semesteraufgabe\funktionen.cpp(1674): warning C4996: 'strncpy': This function or variable may be unsafe. Consider using strncpy_s instead. To disable deprecation, use _CRT_SECURE_NO_WARNINGS. See online help for details.
  c:\program files (x86)\windows kits\10\include\10.0.17763.0\ucrt\string.h(338): note: Siehe Deklaration von "strncpy"
c:\users\roman\documents\hs21\informatik1\projekte_vs17\semesteraufgabe\semesteraufgabe\semesteraufgabe\funktionen.cpp(1680): warning C4996: 'strncpy': This function or variable may be unsafe. Consider using strncpy_s instead. To disable deprecation, use _CRT_SECURE_NO_WARNINGS. See online help for details.
  c:\program files (x86)\windows kits\10\include\10.0.17763.0\ucrt\string.h(338): note: Siehe Deklaration von "strncpy"
c:\users\roman\documents\hs21\informatik1\projekte_vs17\semesteraufgabe\semesteraufgabe\semesteraufgabe\funktionen.cpp(1688): warning C4996: 'strncpy': This function or variable may be unsafe. Consider using strncpy_s instead. To disable deprecation, use _CRT_SECURE_NO_WARNINGS. See online help for details.
  c:\program files (x86)\windows kits\10\include\10.0.17763.0\ucrt\string.h(338): note: Siehe Deklaration von "strncpy"
c:\users\roman\documents\hs21\informatik1\projekte_vs17\semesteraufgabe\semesteraufgabe\semesteraufgabe\funktionen.cpp(1696): warning C4996: 'strncpy': This function or variable may be unsafe. Consider using strncpy_s instead. To disable deprecation, use _CRT_SECURE_NO_WARNINGS. See online help for details.
  c:\program files (x86)\windows kits\10\include\10.0.17763.0\ucrt\string.h(338): note: Siehe Deklaration von "strncpy"
c:\users\roman\documents\hs21\informatik1\projekte_vs17\semesteraufgabe\semesteraufgabe\semesteraufgabe\funktionen.cpp(1704): warning C4996: 'strncpy': This function or variable may be unsafe. Consider using strncpy_s instead. To disable deprecation, use _CRT_SECURE_NO_WARNINGS. See online help for details.
  c:\program files (x86)\windows kits\10\include\10.0.17763.0\ucrt\string.h(338): note: Siehe Deklaration von "strncpy"
c:\users\roman\documents\hs21\informatik1\projekte_vs17\semesteraufgabe\semesteraufgabe\semesteraufgabe\funktionen.cpp(1714): warning C4996: 'strncpy': This function or variable may be unsafe. Consider using strncpy_s instead. To disable deprecation, use _CRT_SECURE_NO_WARNINGS. See online help for details.
  c:\program files (x86)\windows kits\10\include\10.0.17763.0\ucrt\string.h(338): note: Siehe Deklaration von "strncpy"
c:\users\roman\documents\hs21\informatik1\projekte_vs17\semesteraufgabe\semesteraufgabe\semesteraufgabe\funktionen.cpp(1722): warning C4996: 'strncpy': This function or variable may be unsafe. Consider using strncpy_s instead. To disable deprecation, use _CRT_SECURE_NO_WARNINGS. See online help for details.
  c:\program files (x86)\windows kits\10\include\10.0.17763.0\ucrt\string.h(338): note: Siehe Deklaration von "strncpy"
c:\users\roman\documents\hs21\informatik1\projekte_vs17\semesteraufgabe\semesteraufgabe\semesteraufgabe\funktionen.cpp(1730): warning C4996: 'strncpy': This function or variable may be unsafe. Consider using strncpy_s instead. To disable deprecation, use _CRT_SECURE_NO_WARNINGS. See online help for details.
  c:\program files (x86)\windows kits\10\include\10.0.17763.0\ucrt\string.h(338): note: Siehe Deklaration von "strncpy"
c:\users\roman\documents\hs21\informatik1\projekte_vs17\semesteraufgabe\semesteraufgabe\semesteraufgabe\funktionen.cpp(1738): warning C4996: 'strncpy': This function or variable may be unsafe. Consider using strncpy_s instead. To disable deprecation, use _CRT_SECURE_NO_WARNINGS. See online help for details.
  c:\program files (x86)\windows kits\10\include\10.0.17763.0\ucrt\string.h(338): note: Siehe Deklaration von "strncpy"
c:\users\roman\documents\hs21\informatik1\projekte_vs17\semesteraufgabe\semesteraufgabe\semesteraufgabe\funktionen.cpp(1746): warning C4996: 'strncpy': This function or variable may be unsafe. Consider using strncpy_s instead. To disable deprecation, use _CRT_SECURE_NO_WARNINGS. See online help for details.
  c:\program files (x86)\windows kits\10\include\10.0.17763.0\ucrt\string.h(338): note: Siehe Deklaration von "strncpy"
c:\users\roman\documents\hs21\informatik1\projekte_vs17\semesteraufgabe\semesteraufgabe\semesteraufgabe\funktionen.cpp(1754): warning C4996: 'strncpy': This function or variable may be unsafe. Consider using strncpy_s instead. To disable deprecation, use _CRT_SECURE_NO_WARNINGS. See online help for details.
  c:\program files (x86)\windows kits\10\include\10.0.17763.0\ucrt\string.h(338): note: Siehe Deklaration von "strncpy"
c:\users\roman\documents\hs21\informatik1\projekte_vs17\semesteraufgabe\semesteraufgabe\semesteraufgabe\funktionen.cpp(1762): warning C4996: 'strncpy': This function or variable may be unsafe. Consider using strncpy_s instead. To disable deprecation, use _CRT_SECURE_NO_WARNINGS. See online help for details.
  c:\program files (x86)\windows kits\10\include\10.0.17763.0\ucrt\string.h(338): note: Siehe Deklaration von "strncpy"
c:\users\roman\documents\hs21\informatik1\projekte_vs17\semesteraufgabe\semesteraufgabe\semesteraufgabe\funktionen.cpp(1775): warning C4996: 'strncpy': This function or variable may be unsafe. Consider using strncpy_s instead. To disable deprecation, use _CRT_SECURE_NO_WARNINGS. See online help for details.
  c:\program files (x86)\windows kits\10\include\10.0.17763.0\ucrt\string.h(338): note: Siehe Deklaration von "strncpy"
c:\users\roman\documents\hs21\informatik1\projekte_vs17\semesteraufgabe\semesteraufgabe\semesteraufgabe\funktionen.cpp(1783): warning C4996: 'strncpy': This function or variable may be unsafe. Consider using strncpy_s instead. To disable deprecation, use _CRT_SECURE_NO_WARNINGS. See online help for details.
  c:\program files (x86)\windows kits\10\include\10.0.17763.0\ucrt\string.h(338): note: Siehe Deklaration von "strncpy"
c:\users\roman\documents\hs21\informatik1\projekte_vs17\semesteraufgabe\semesteraufgabe\semesteraufgabe\funktionen.cpp(1793): warning C4996: 'strncpy': This function or variable may be unsafe. Consider using strncpy_s instead. To disable deprecation, use _CRT_SECURE_NO_WARNINGS. See online help for details.
  c:\program files (x86)\windows kits\10\include\10.0.17763.0\ucrt\string.h(338): note: Siehe Deklaration von "strncpy"
c:\users\roman\documents\hs21\informatik1\projekte_vs17\semesteraufgabe\semesteraufgabe\semesteraufgabe\funktionen.cpp(1801): warning C4996: 'strncpy': This function or variable may be unsafe. Consider using strncpy_s instead. To disable deprecation, use _CRT_SECURE_NO_WARNINGS. See online help for details.
  c:\program files (x86)\windows kits\10\include\10.0.17763.0\ucrt\string.h(338): note: Siehe Deklaration von "strncpy"
c:\users\roman\documents\hs21\informatik1\projekte_vs17\semesteraufgabe\semesteraufgabe\semesteraufgabe\funktionen.cpp(1809): warning C4996: 'strncpy': This function or variable may be unsafe. Consider using strncpy_s instead. To disable deprecation, use _CRT_SECURE_NO_WARNINGS. See online help for details.
  c:\program files (x86)\windows kits\10\include\10.0.17763.0\ucrt\string.h(338): note: Siehe Deklaration von "strncpy"
c:\users\roman\documents\hs21\informatik1\projekte_vs17\semesteraufgabe\semesteraufgabe\semesteraufgabe\funktionen.cpp(1817): warning C4996: 'strncpy': This function or variable may be unsafe. Consider using strncpy_s instead. To disable deprecation, use _CRT_SECURE_NO_WARNINGS. See online help for details.
  c:\program files (x86)\windows kits\10\include\10.0.17763.0\ucrt\string.h(338): note: Siehe Deklaration von "strncpy"
c:\users\roman\documents\hs21\informatik1\projekte_vs17\semesteraufgabe\semesteraufgabe\semesteraufgabe\funktionen.cpp(1825): warning C4996: 'strncpy': This function or variable may be unsafe. Consider using strncpy_s instead. To disable deprecation, use _CRT_SECURE_NO_WARNINGS. See online help for details.
  c:\program files (x86)\windows kits\10\include\10.0.17763.0\ucrt\string.h(338): note: Siehe Deklaration von "strncpy"
c:\users\roman\documents\hs21\informatik1\projekte_vs17\semesteraufgabe\semesteraufgabe\semesteraufgabe\funktionen.cpp(1833): warning C4996: 'strncpy': This function or variable may be unsafe. Consider using strncpy_s instead. To disable deprecation, use _CRT_SECURE_NO_WARNINGS. See online help for details.
  c:\program files (x86)\windows kits\10\include\10.0.17763.0\ucrt\string.h(338): note: Siehe Deklaration von "strncpy"
c:\users\roman\documents\hs21\informatik1\projekte_vs17\semesteraufgabe\semesteraufgabe\semesteraufgabe\funktionen.cpp(1847): warning C4996: 'strncpy': This function or variable may be unsafe. Consider using strncpy_s instead. To disable deprecation, use _CRT_SECURE_NO_WARNINGS. See online help for details.
  c:\program files (x86)\windows kits\10\include\10.0.17763.0\ucrt\string.h(338): note: Siehe Deklaration von "strncpy"
c:\users\roman\documents\hs21\informatik1\projekte_vs17\semesteraufgabe\semesteraufgabe\semesteraufgabe\funktionen.cpp(1853): warning C4996: 'strncpy': This function or variable may be unsafe. Consider using strncpy_s instead. To disable deprecation, use _CRT_SECURE_NO_WARNINGS. See online help for details.
  c:\program files (x86)\windows kits\10\include\10.0.17763.0\ucrt\string.h(338): note: Siehe Deklaration von "strncpy"
c:\users\roman\documents\hs21\informatik1\projekte_vs17\semesteraufgabe\semesteraufgabe\semesteraufgabe\funktionen.cpp(1861): warning C4996: 'strncpy': This function or variable may be unsafe. Consider using strncpy_s instead. To disable deprecation, use _CRT_SECURE_NO_WARNINGS. See online help for details.
  c:\program files (x86)\windows kits\10\include\10.0.17763.0\ucrt\string.h(338): note: Siehe Deklaration von "strncpy"
c:\users\roman\documents\hs21\informatik1\projekte_vs17\semesteraufgabe\semesteraufgabe\semesteraufgabe\funktionen.cpp(1869): warning C4996: 'strncpy': This function or variable may be unsafe. Consider using strncpy_s instead. To disable deprecation, use _CRT_SECURE_NO_WARNINGS. See online help for details.
  c:\program files (x86)\windows kits\10\include\10.0.17763.0\ucrt\string.h(338): note: Siehe Deklaration von "strncpy"
c:\users\roman\documents\hs21\informatik1\projekte_vs17\semesteraufgabe\semesteraufgabe\semesteraufgabe\funktionen.cpp(1877): warning C4996: 'strncpy': This function or variable may be unsafe. Consider using strncpy_s instead. To disable deprecation, use _CRT_SECURE_NO_WARNINGS. See online help for details.
  c:\program files (x86)\windows kits\10\include\10.0.17763.0\ucrt\string.h(338): note: Siehe Deklaration von "strncpy"
c:\users\roman\documents\hs21\informatik1\projekte_vs17\semesteraufgabe\semesteraufgabe\semesteraufgabe\funktionen.cpp(1887): warning C4996: 'strncpy': This function or variable may be unsafe. Consider using strncpy_s instead. To disable deprecation, use _CRT_SECURE_NO_WARNINGS. See online help for details.
  c:\program files (x86)\windows kits\10\include\10.0.17763.0\ucrt\string.h(338): note: Siehe Deklaration von "strncpy"
c:\users\roman\documents\hs21\informatik1\projekte_vs17\semesteraufgabe\semesteraufgabe\semesteraufgabe\funktionen.cpp(1895): warning C4996: 'strncpy': This function or variable may be unsafe. Consider using strncpy_s instead. To disable deprecation, use _CRT_SECURE_NO_WARNINGS. See online help for details.
  c:\program files (x86)\windows kits\10\include\10.0.17763.0\ucrt\string.h(338): note: Siehe Deklaration von "strncpy"
c:\users\roman\documents\hs21\informatik1\projekte_vs17\semesteraufgabe\semesteraufgabe\semesteraufgabe\funktionen.cpp(1903): warning C4996: 'strncpy': This function or variable may be unsafe. Consider using strncpy_s instead. To disable deprecation, use _CRT_SECURE_NO_WARNINGS. See online help for details.
  c:\program files (x86)\windows kits\10\include\10.0.17763.0\ucrt\string.h(338): note: Siehe Deklaration von "strncpy"
c:\users\roman\documents\hs21\informatik1\projekte_vs17\semesteraufgabe\semesteraufgabe\semesteraufgabe\funktionen.cpp(1911): warning C4996: 'strncpy': This function or variable may be unsafe. Consider using strncpy_s instead. To disable deprecation, use _CRT_SECURE_NO_WARNINGS. See online help for details.
  c:\program files (x86)\windows kits\10\include\10.0.17763.0\ucrt\string.h(338): note: Siehe Deklaration von "strncpy"
c:\users\roman\documents\hs21\informatik1\projekte_vs17\semesteraufgabe\semesteraufgabe\semesteraufgabe\funktionen.cpp(1919): warning C4996: 'strncpy': This function or variable may be unsafe. Consider using strncpy_s instead. To disable deprecation, use _CRT_SECURE_NO_WARNINGS. See online help for details.
  c:\program files (x86)\windows kits\10\include\10.0.17763.0\ucrt\string.h(338): note: Siehe Deklaration von "strncpy"
c:\users\roman\documents\hs21\informatik1\projekte_vs17\semesteraufgabe\semesteraufgabe\semesteraufgabe\funktionen.cpp(1927): warning C4996: 'strncpy': This function or variable may be unsafe. Consider using strncpy_s instead. To disable deprecation, use _CRT_SECURE_NO_WARNINGS. See online help for details.
  c:\program files (x86)\windows kits\10\include\10.0.17763.0\ucrt\string.h(338): note: Siehe Deklaration von "strncpy"
c:\users\roman\documents\hs21\informatik1\projekte_vs17\semesteraufgabe\semesteraufgabe\semesteraufgabe\funktionen.cpp(1935): warning C4996: 'strncpy': This function or variable may be unsafe. Consider using strncpy_s instead. To disable deprecation, use _CRT_SECURE_NO_WARNINGS. See online help for details.
  c:\program files (x86)\windows kits\10\include\10.0.17763.0\ucrt\string.h(338): note: Siehe Deklaration von "strncpy"
c:\users\roman\documents\hs21\informatik1\projekte_vs17\semesteraufgabe\semesteraufgabe\semesteraufgabe\funktionen.cpp(1948): warning C4996: 'strncpy': This function or variable may be unsafe. Consider using strncpy_s instead. To disable deprecation, use _CRT_SECURE_NO_WARNINGS. See online help for details.
  c:\program files (x86)\windows kits\10\include\10.0.17763.0\ucrt\string.h(338): note: Siehe Deklaration von "strncpy"
c:\users\roman\documents\hs21\informatik1\projekte_vs17\semesteraufgabe\semesteraufgabe\semesteraufgabe\funktionen.cpp(1959): warning C4996: 'strncpy': This function or variable may be unsafe. Consider using strncpy_s instead. To disable deprecation, use _CRT_SECURE_NO_WARNINGS. See online help for details.
  c:\program files (x86)\windows kits\10\include\10.0.17763.0\ucrt\string.h(338): note: Siehe Deklaration von "strncpy"
c:\users\roman\documents\hs21\informatik1\projekte_vs17\semesteraufgabe\semesteraufgabe\semesteraufgabe\funktionen.cpp(1965): warning C4996: 'strncpy': This function or variable may be unsafe. Consider using strncpy_s instead. To disable deprecation, use _CRT_SECURE_NO_WARNINGS. See online help for details.
  c:\program files (x86)\windows kits\10\include\10.0.17763.0\ucrt\string.h(338): note: Siehe Deklaration von "strncpy"
c:\users\roman\documents\hs21\informatik1\projekte_vs17\semesteraufgabe\semesteraufgabe\semesteraufgabe\funktionen.cpp(1973): warning C4996: 'strncpy': This function or variable may be unsafe. Consider using strncpy_s instead. To disable deprecation, use _CRT_SECURE_NO_WARNINGS. See online help for details.
  c:\program files (x86)\windows kits\10\include\10.0.17763.0\ucrt\string.h(338): note: Siehe Deklaration von "strncpy"
c:\users\roman\documents\hs21\informatik1\projekte_vs17\semesteraufgabe\semesteraufgabe\semesteraufgabe\funktionen.cpp(1981): warning C4996: 'strncpy': This function or variable may be unsafe. Consider using strncpy_s instead. To disable deprecation, use _CRT_SECURE_NO_WARNINGS. See online help for details.
  c:\program files (x86)\windows kits\10\include\10.0.17763.0\ucrt\string.h(338): note: Siehe Deklaration von "strncpy"
c:\users\roman\documents\hs21\informatik1\projekte_vs17\semesteraufgabe\semesteraufgabe\semesteraufgabe\funktionen.cpp(1989): warning C4996: 'strncpy': This function or variable may be unsafe. Consider using strncpy_s instead. To disable deprecation, use _CRT_SECURE_NO_WARNINGS. See online help for details.
  c:\program files (x86)\windows kits\10\include\10.0.17763.0\ucrt\string.h(338): note: Siehe Deklaration von "strncpy"
c:\users\roman\documents\hs21\informatik1\projekte_vs17\semesteraufgabe\semesteraufgabe\semesteraufgabe\funktionen.cpp(1997): warning C4996: 'strncpy': This function or variable may be unsafe. Consider using strncpy_s instead. To disable deprecation, use _CRT_SECURE_NO_WARNINGS. See online help for details.
  c:\program files (x86)\windows kits\10\include\10.0.17763.0\ucrt\string.h(338): note: Siehe Deklaration von "strncpy"
c:\users\roman\documents\hs21\informatik1\projekte_vs17\semesteraufgabe\semesteraufgabe\semesteraufgabe\funktionen.cpp(2005): warning C4996: 'strncpy': This function or variable may be unsafe. Consider using strncpy_s instead. To disable deprecation, use _CRT_SECURE_NO_WARNINGS. See online help for details.
  c:\program files (x86)\windows kits\10\include\10.0.17763.0\ucrt\string.h(338): note: Siehe Deklaration von "strncpy"
c:\users\roman\documents\hs21\informatik1\projekte_vs17\semesteraufgabe\semesteraufgabe\semesteraufgabe\funktionen.cpp(2013): warning C4996: 'strncpy': This function or variable may be unsafe. Consider using strncpy_s instead. To disable deprecation, use _CRT_SECURE_NO_WARNINGS. See online help for details.
  c:\program files (x86)\windows kits\10\include\10.0.17763.0\ucrt\string.h(338): note: Siehe Deklaration von "strncpy"
c:\users\roman\documents\hs21\informatik1\projekte_vs17\semesteraufgabe\semesteraufgabe\semesteraufgabe\funktionen.cpp(2027): warning C4996: 'strncpy': This function or variable may be unsafe. Consider using strncpy_s instead. To disable deprecation, use _CRT_SECURE_NO_WARNINGS. See online help for details.
  c:\program files (x86)\windows kits\10\include\10.0.17763.0\ucrt\string.h(338): note: Siehe Deklaration von "strncpy"
c:\users\roman\documents\hs21\informatik1\projekte_vs17\semesteraufgabe\semesteraufgabe\semesteraufgabe\funktionen.cpp(2033): warning C4996: 'strncpy': This function or variable may be unsafe. Consider using strncpy_s instead. To disable deprecation, use _CRT_SECURE_NO_WARNINGS. See online help for details.
  c:\program files (x86)\windows kits\10\include\10.0.17763.0\ucrt\string.h(338): note: Siehe Deklaration von "strncpy"
c:\users\roman\documents\hs21\informatik1\projekte_vs17\semesteraufgabe\semesteraufgabe\semesteraufgabe\funktionen.cpp(2041): warning C4996: 'strncpy': This function or variable may be unsafe. Consider using strncpy_s instead. To disable deprecation, use _CRT_SECURE_NO_WARNINGS. See online help for details.
  c:\program files (x86)\windows kits\10\include\10.0.17763.0\ucrt\string.h(338): note: Siehe Deklaration von "strncpy"
c:\users\roman\documents\hs21\informatik1\projekte_vs17\semesteraufgabe\semesteraufgabe\semesteraufgabe\funktionen.cpp(2049): warning C4996: 'strncpy': This function or variable may be unsafe. Consider using strncpy_s instead. To disable deprecation, use _CRT_SECURE_NO_WARNINGS. See online help for details.
  c:\program files (x86)\windows kits\10\include\10.0.17763.0\ucrt\string.h(338): note: Siehe Deklaration von "strncpy"
c:\users\roman\documents\hs21\informatik1\projekte_vs17\semesteraufgabe\semesteraufgabe\semesteraufgabe\funktionen.cpp(2057): warning C4996: 'strncpy': This function or variable may be unsafe. Consider using strncpy_s instead. To disable deprecation, use _CRT_SECURE_NO_WARNINGS. See online help for details.
  c:\program files (x86)\windows kits\10\include\10.0.17763.0\ucrt\string.h(338): note: Siehe Deklaration von "strncpy"
c:\users\roman\documents\hs21\informatik1\projekte_vs17\semesteraufgabe\semesteraufgabe\semesteraufgabe\funktionen.cpp(2067): warning C4996: 'strncpy': This function or variable may be unsafe. Consider using strncpy_s instead. To disable deprecation, use _CRT_SECURE_NO_WARNINGS. See online help for details.
  c:\program files (x86)\windows kits\10\include\10.0.17763.0\ucrt\string.h(338): note: Siehe Deklaration von "strncpy"
c:\users\roman\documents\hs21\informatik1\projekte_vs17\semesteraufgabe\semesteraufgabe\semesteraufgabe\funktionen.cpp(2075): warning C4996: 'strncpy': This function or variable may be unsafe. Consider using strncpy_s instead. To disable deprecation, use _CRT_SECURE_NO_WARNINGS. See online help for details.
  c:\program files (x86)\windows kits\10\include\10.0.17763.0\ucrt\string.h(338): note: Siehe Deklaration von "strncpy"
c:\users\roman\documents\hs21\informatik1\projekte_vs17\semesteraufgabe\semesteraufgabe\semesteraufgabe\funktionen.cpp(2083): warning C4996: 'strncpy': This function or variable may be unsafe. Consider using strncpy_s instead. To disable deprecation, use _CRT_SECURE_NO_WARNINGS. See online help for details.
  c:\program files (x86)\windows kits\10\include\10.0.17763.0\ucrt\string.h(338): note: Siehe Deklaration von "strncpy"
c:\users\roman\documents\hs21\informatik1\projekte_vs17\semesteraufgabe\semesteraufgabe\semesteraufgabe\funktionen.cpp(2097): warning C4996: 'strncpy': This function or variable may be unsafe. Consider using strncpy_s instead. To disable deprecation, use _CRT_SECURE_NO_WARNINGS. See online help for details.
  c:\program files (x86)\windows kits\10\include\10.0.17763.0\ucrt\string.h(338): note: Siehe Deklaration von "strncpy"
c:\users\roman\documents\hs21\informatik1\projekte_vs17\semesteraufgabe\semesteraufgabe\semesteraufgabe\funktionen.cpp(2103): warning C4996: 'strncpy': This function or variable may be unsafe. Consider using strncpy_s instead. To disable deprecation, use _CRT_SECURE_NO_WARNINGS. See online help for details.
  c:\program files (x86)\windows kits\10\include\10.0.17763.0\ucrt\string.h(338): note: Siehe Deklaration von "strncpy"
c:\users\roman\documents\hs21\informatik1\projekte_vs17\semesteraufgabe\semesteraufgabe\semesteraufgabe\funktionen.cpp(2111): warning C4996: 'strncpy': This function or variable may be unsafe. Consider using strncpy_s instead. To disable deprecation, use _CRT_SECURE_NO_WARNINGS. See online help for details.
  c:\program files (x86)\windows kits\10\include\10.0.17763.0\ucrt\string.h(338): note: Siehe Deklaration von "strncpy"
c:\users\roman\documents\hs21\informatik1\projekte_vs17\semesteraufgabe\semesteraufgabe\semesteraufgabe\funktionen.cpp(2119): warning C4996: 'strncpy': This function or variable may be unsafe. Consider using strncpy_s instead. To disable deprecation, use _CRT_SECURE_NO_WARNINGS. See online help for details.
  c:\program files (x86)\windows kits\10\include\10.0.17763.0\ucrt\string.h(338): note: Siehe Deklaration von "strncpy"
c:\users\roman\documents\hs21\informatik1\projekte_vs17\semesteraufgabe\semesteraufgabe\semesteraufgabe\funktionen.cpp(2127): warning C4996: 'strncpy': This function or variable may be unsafe. Consider using strncpy_s instead. To disable deprecation, use _CRT_SECURE_NO_WARNINGS. See online help for details.
  c:\program files (x86)\windows kits\10\include\10.0.17763.0\ucrt\string.h(338): note: Siehe Deklaration von "strncpy"
c:\users\roman\documents\hs21\informatik1\projekte_vs17\semesteraufgabe\semesteraufgabe\semesteraufgabe\funktionen.cpp(2137): warning C4996: 'strncpy': This function or variable may be unsafe. Consider using strncpy_s instead. To disable deprecation, use _CRT_SECURE_NO_WARNINGS. See online help for details.
  c:\program files (x86)\windows kits\10\include\10.0.17763.0\ucrt\string.h(338): note: Siehe Deklaration von "strncpy"
c:\users\roman\documents\hs21\informatik1\projekte_vs17\semesteraufgabe\semesteraufgabe\semesteraufgabe\funktionen.cpp(2145): warning C4996: 'strncpy': This function or variable may be unsafe. Consider using strncpy_s instead. To disable deprecation, use _CRT_SECURE_NO_WARNINGS. See online help for details.
  c:\program files (x86)\windows kits\10\include\10.0.17763.0\ucrt\string.h(338): note: Siehe Deklaration von "strncpy"
c:\users\roman\documents\hs21\informatik1\projekte_vs17\semesteraufgabe\semesteraufgabe\semesteraufgabe\funktionen.cpp(2153): warning C4996: 'strncpy': This function or variable may be unsafe. Consider using strncpy_s instead. To disable deprecation, use _CRT_SECURE_NO_WARNINGS. See online help for details.
  c:\program files (x86)\windows kits\10\include\10.0.17763.0\ucrt\string.h(338): note: Siehe Deklaration von "strncpy"
c:\users\roman\documents\hs21\informatik1\projekte_vs17\semesteraufgabe\semesteraufgabe\semesteraufgabe\funktionen.cpp(2167): warning C4996: 'strncpy': This function or variable may be unsafe. Consider using strncpy_s instead. To disable deprecation, use _CRT_SECURE_NO_WARNINGS. See online help for details.
  c:\program files (x86)\windows kits\10\include\10.0.17763.0\ucrt\string.h(338): note: Siehe Deklaration von "strncpy"
c:\users\roman\documents\hs21\informatik1\projekte_vs17\semesteraufgabe\semesteraufgabe\semesteraufgabe\funktionen.cpp(2173): warning C4996: 'strncpy': This function or variable may be unsafe. Consider using strncpy_s instead. To disable deprecation, use _CRT_SECURE_NO_WARNINGS. See online help for details.
  c:\program files (x86)\windows kits\10\include\10.0.17763.0\ucrt\string.h(338): note: Siehe Deklaration von "strncpy"
c:\users\roman\documents\hs21\informatik1\projekte_vs17\semesteraufgabe\semesteraufgabe\semesteraufgabe\funktionen.cpp(2181): warning C4996: 'strncpy': This function or variable may be unsafe. Consider using strncpy_s instead. To disable deprecation, use _CRT_SECURE_NO_WARNINGS. See online help for details.
  c:\program files (x86)\windows kits\10\include\10.0.17763.0\ucrt\string.h(338): note: Siehe Deklaration von "strncpy"
c:\users\roman\documents\hs21\informatik1\projekte_vs17\semesteraufgabe\semesteraufgabe\semesteraufgabe\funktionen.cpp(2189): warning C4996: 'strncpy': This function or variable may be unsafe. Consider using strncpy_s instead. To disable deprecation, use _CRT_SECURE_NO_WARNINGS. See online help for details.
  c:\program files (x86)\windows kits\10\include\10.0.17763.0\ucrt\string.h(338): note: Siehe Deklaration von "strncpy"
c:\users\roman\documents\hs21\informatik1\projekte_vs17\semesteraufgabe\semesteraufgabe\semesteraufgabe\funktionen.cpp(2197): warning C4996: 'strncpy': This function or variable may be unsafe. Consider using strncpy_s instead. To disable deprecation, use _CRT_SECURE_NO_WARNINGS. See online help for details.
  c:\program files (x86)\windows kits\10\include\10.0.17763.0\ucrt\string.h(338): note: Siehe Deklaration von "strncpy"
c:\users\roman\documents\hs21\informatik1\projekte_vs17\semesteraufgabe\semesteraufgabe\semesteraufgabe\funktionen.cpp(2207): warning C4996: 'strncpy': This function or variable may be unsafe. Consider using strncpy_s instead. To disable deprecation, use _CRT_SECURE_NO_WARNINGS. See online help for details.
  c:\program files (x86)\windows kits\10\include\10.0.17763.0\ucrt\string.h(338): note: Siehe Deklaration von "strncpy"
c:\users\roman\documents\hs21\informatik1\projekte_vs17\semesteraufgabe\semesteraufgabe\semesteraufgabe\funktionen.cpp(2215): warning C4996: 'strncpy': This function or variable may be unsafe. Consider using strncpy_s instead. To disable deprecation, use _CRT_SECURE_NO_WARNINGS. See online help for details.
  c:\program files (x86)\windows kits\10\include\10.0.17763.0\ucrt\string.h(338): note: Siehe Deklaration von "strncpy"
c:\users\roman\documents\hs21\informatik1\projekte_vs17\semesteraufgabe\semesteraufgabe\semesteraufgabe\funktionen.cpp(2223): warning C4996: 'strncpy': This function or variable may be unsafe. Consider using strncpy_s instead. To disable deprecation, use _CRT_SECURE_NO_WARNINGS. See online help for details.
  c:\program files (x86)\windows kits\10\include\10.0.17763.0\ucrt\string.h(338): note: Siehe Deklaration von "strncpy"
c:\users\roman\documents\hs21\informatik1\projekte_vs17\semesteraufgabe\semesteraufgabe\semesteraufgabe\funktionen.cpp(2231): warning C4996: 'strncpy': This function or variable may be unsafe. Consider using strncpy_s instead. To disable deprecation, use _CRT_SECURE_NO_WARNINGS. See online help for details.
  c:\program files (x86)\windows kits\10\include\10.0.17763.0\ucrt\string.h(338): note: Siehe Deklaration von "strncpy"
c:\users\roman\documents\hs21\informatik1\projekte_vs17\semesteraufgabe\semesteraufgabe\semesteraufgabe\funktionen.cpp(2239): warning C4996: 'strncpy': This function or variable may be unsafe. Consider using strncpy_s instead. To disable deprecation, use _CRT_SECURE_NO_WARNINGS. See online help for details.
  c:\program files (x86)\windows kits\10\include\10.0.17763.0\ucrt\string.h(338): note: Siehe Deklaration von "strncpy"
c:\users\roman\documents\hs21\informatik1\projekte_vs17\semesteraufgabe\semesteraufgabe\semesteraufgabe\funktionen.cpp(2253): warning C4996: 'strncpy': This function or variable may be unsafe. Consider using strncpy_s instead. To disable deprecation, use _CRT_SECURE_NO_WARNINGS. See online help for details.
  c:\program files (x86)\windows kits\10\include\10.0.17763.0\ucrt\string.h(338): note: Siehe Deklaration von "strncpy"
c:\users\roman\documents\hs21\informatik1\projekte_vs17\semesteraufgabe\semesteraufgabe\semesteraufgabe\funktionen.cpp(2259): warning C4996: 'strncpy': This function or variable may be unsafe. Consider using strncpy_s instead. To disable deprecation, use _CRT_SECURE_NO_WARNINGS. See online help for details.
  c:\program files (x86)\windows kits\10\include\10.0.17763.0\ucrt\string.h(338): note: Siehe Deklaration von "strncpy"
c:\users\roman\documents\hs21\informatik1\projekte_vs17\semesteraufgabe\semesteraufgabe\semesteraufgabe\funktionen.cpp(2267): warning C4996: 'strncpy': This function or variable may be unsafe. Consider using strncpy_s instead. To disable deprecation, use _CRT_SECURE_NO_WARNINGS. See online help for details.
  c:\program files (x86)\windows kits\10\include\10.0.17763.0\ucrt\string.h(338): note: Siehe Deklaration von "strncpy"
c:\users\roman\documents\hs21\informatik1\projekte_vs17\semesteraufgabe\semesteraufgabe\semesteraufgabe\funktionen.cpp(2275): warning C4996: 'strncpy': This function or variable may be unsafe. Consider using strncpy_s instead. To disable deprecation, use _CRT_SECURE_NO_WARNINGS. See online help for details.
  c:\program files (x86)\windows kits\10\include\10.0.17763.0\ucrt\string.h(338): note: Siehe Deklaration von "strncpy"
c:\users\roman\documents\hs21\informatik1\projekte_vs17\semesteraufgabe\semesteraufgabe\semesteraufgabe\funktionen.cpp(2285): warning C4996: 'strncpy': This function or variable may be unsafe. Consider using strncpy_s instead. To disable deprecation, use _CRT_SECURE_NO_WARNINGS. See online help for details.
  c:\program files (x86)\windows kits\10\include\10.0.17763.0\ucrt\string.h(338): note: Siehe Deklaration von "strncpy"
c:\users\roman\documents\hs21\informatik1\projekte_vs17\semesteraufgabe\semesteraufgabe\semesteraufgabe\funktionen.cpp(2293): warning C4996: 'strncpy': This function or variable may be unsafe. Consider using strncpy_s instead. To disable deprecation, use _CRT_SECURE_NO_WARNINGS. See online help for details.
  c:\program files (x86)\windows kits\10\include\10.0.17763.0\ucrt\string.h(338): note: Siehe Deklaration von "strncpy"
c:\users\roman\documents\hs21\informatik1\projekte_vs17\semesteraufgabe\semesteraufgabe\semesteraufgabe\funktionen.cpp(2309): warning C4996: 'strncpy': This function or variable may be unsafe. Consider using strncpy_s instead. To disable deprecation, use _CRT_SECURE_NO_WARNINGS. See online help for details.
  c:\program files (x86)\windows kits\10\include\10.0.17763.0\ucrt\string.h(338): note: Siehe Deklaration von "strncpy"
c:\users\roman\documents\hs21\informatik1\projekte_vs17\semesteraufgabe\semesteraufgabe\semesteraufgabe\funktionen.cpp(2315): warning C4996: 'strncpy': This function or variable may be unsafe. Consider using strncpy_s instead. To disable deprecation, use _CRT_SECURE_NO_WARNINGS. See online help for details.
  c:\program files (x86)\windows kits\10\include\10.0.17763.0\ucrt\string.h(338): note: Siehe Deklaration von "strncpy"
c:\users\roman\documents\hs21\informatik1\projekte_vs17\semesteraufgabe\semesteraufgabe\semesteraufgabe\funktionen.cpp(2323): warning C4996: 'strncpy': This function or variable may be unsafe. Consider using strncpy_s instead. To disable deprecation, use _CRT_SECURE_NO_WARNINGS. See online help for details.
  c:\program files (x86)\windows kits\10\include\10.0.17763.0\ucrt\string.h(338): note: Siehe Deklaration von "strncpy"
c:\users\roman\documents\hs21\informatik1\projekte_vs17\semesteraufgabe\semesteraufgabe\semesteraufgabe\funktionen.cpp(2331): warning C4996: 'strncpy': This function or variable may be unsafe. Consider using strncpy_s instead. To disable deprecation, use _CRT_SECURE_NO_WARNINGS. See online help for details.
  c:\program files (x86)\windows kits\10\include\10.0.17763.0\ucrt\string.h(338): note: Siehe Deklaration von "strncpy"
c:\users\roman\documents\hs21\informatik1\projekte_vs17\semesteraufgabe\semesteraufgabe\semesteraufgabe\funktionen.cpp(2339): warning C4996: 'strncpy': This function or variable may be unsafe. Consider using strncpy_s instead. To disable deprecation, use _CRT_SECURE_NO_WARNINGS. See online help for details.
  c:\program files (x86)\windows kits\10\include\10.0.17763.0\ucrt\string.h(338): note: Siehe Deklaration von "strncpy"
c:\users\roman\documents\hs21\informatik1\projekte_vs17\semesteraufgabe\semesteraufgabe\semesteraufgabe\funktionen.cpp(2347): warning C4996: 'strncpy': This function or variable may be unsafe. Consider using strncpy_s instead. To disable deprecation, use _CRT_SECURE_NO_WARNINGS. See online help for details.
  c:\program files (x86)\windows kits\10\include\10.0.17763.0\ucrt\string.h(338): note: Siehe Deklaration von "strncpy"
c:\users\roman\documents\hs21\informatik1\projekte_vs17\semesteraufgabe\semesteraufgabe\semesteraufgabe\funktionen.cpp(2355): warning C4996: 'strncpy': This function or variable may be unsafe. Consider using strncpy_s instead. To disable deprecation, use _CRT_SECURE_NO_WARNINGS. See online help for details.
  c:\program files (x86)\windows kits\10\include\10.0.17763.0\ucrt\string.h(338): note: Siehe Deklaration von "strncpy"
c:\users\roman\documents\hs21\informatik1\projekte_vs17\semesteraufgabe\semesteraufgabe\semesteraufgabe\funktionen.cpp(2369): warning C4996: 'strncpy': This function or variable may be unsafe. Consider using strncpy_s instead. To disable deprecation, use _CRT_SECURE_NO_WARNINGS. See online help for details.
  c:\program files (x86)\windows kits\10\include\10.0.17763.0\ucrt\string.h(338): note: Siehe Deklaration von "strncpy"
c:\users\roman\documents\hs21\informatik1\projekte_vs17\semesteraufgabe\semesteraufgabe\semesteraufgabe\funktionen.cpp(2403): warning C4996: 'strncat': This function or variable may be unsafe. Consider using strncat_s instead. To disable deprecation, use _CRT_SECURE_NO_WARNINGS. See online help for details.
  c:\program files (x86)\windows kits\10\include\10.0.17763.0\ucrt\string.h(266): note: Siehe Deklaration von "strncat"
c:\users\roman\documents\hs21\informatik1\projekte_vs17\semesteraufgabe\semesteraufgabe\semesteraufgabe\funktionen.cpp(2407): warning C4996: 'fopen': This function or variable may be unsafe. Consider using fopen_s instead. To disable deprecation, use _CRT_SECURE_NO_WARNINGS. See online help for details.
  c:\program files (x86)\windows kits\10\include\10.0.17763.0\ucrt\stdio.h(208): note: Siehe Deklaration von "fopen"
  Semesteraufgabe.vcxproj -> C:\Users\roman\Documents\HS21\Informatik1\Projekte_VS17\Semesteraufgabe\Semesteraufgabe\Debug\Semesteraufgabe.exe
